#-----------------------------------------------------------
# Vivado v2018.2 (64-bit)
# SW Build 2258646 on Thu Jun 14 20:03:12 MDT 2018
# IP Build 2256618 on Thu Jun 14 22:10:49 MDT 2018
# Start of session at: Sat Nov 10 21:00:07 2018
# Process ID: 26720
# Current directory: C:/Users/HomePC/Desktop/test_2 _initial
# Command line: vivado.exe -gui_launcher_event rodinguilauncherevent22940 C:\Users\HomePC\Desktop\test_2 _initial\test_2.xpr
# Log file: C:/Users/HomePC/Desktop/test_2 _initial/vivado.log
# Journal file: C:/Users/HomePC/Desktop/test_2 _initial\vivado.jou
#-----------------------------------------------------------
start_gui
open_project {C:/Users/HomePC/Desktop/test_2 _initial/test_2.xpr}
INFO: [Project 1-313] Project file moved from 'C:/Users/HomePC/Desktop/test_2' since last save.
Scanning sources...
Finished scanning sources
INFO: [IP_Flow 19-234] Refreshing IP repositories
INFO: [IP_Flow 19-1704] No user IP repositories specified
INFO: [IP_Flow 19-2313] Loaded Vivado IP repository 'C:/Xilinx/Vivado/2018.2/data/ip'.
open_project: Time (s): cpu = 00:00:15 ; elapsed = 00:00:09 . Memory (MB): peak = 931.359 ; gain = 215.746
update_compile_order -fileset sources_1
exit
INFO: [Common 17-206] Exiting Vivado at Sat Nov 10 21:00:42 2018...
