Vivado Simulator 2018.2
Copyright 1986-1999, 2001-2018 Xilinx, Inc. All Rights Reserved.
Running: C:/Xilinx/Vivado/2018.2/bin/unwrapped/win64.o/xelab.exe -wto 358f5351828c47e09b9084c028b72019 --incr --debug typical --relax --mt 2 -L xil_defaultlib -L unisims_ver -L unimacro_ver -L secureip --snapshot blur_tb_behav xil_defaultlib.blur_tb xil_defaultlib.glbl -log elaborate.log 
Using 2 slave threads.
Starting static elaboration
Completed static elaboration
Starting simulation data flow analysis
Completed simulation data flow analysis
Time Resolution for simulation is 1ps
Compiling module xil_defaultlib.blur
Compiling module xil_defaultlib.blur_tb
WARNING: [XSIM 43-3373] "C:/Users/Gowtham/Desktop/DS_project/Blurring/Blurring.srcs/sim_1/new/blur_tb.v" Line 90. System function $fread is used as system task. This system function should have a LHS e.g. x=$fread().
WARNING: [XSIM 43-3373] "C:/Users/Gowtham/Desktop/DS_project/Blurring/Blurring.srcs/sim_1/new/blur_tb.v" Line 93. System function $fread is used as system task. This system function should have a LHS e.g. x=$fread().
WARNING: [XSIM 43-3373] "C:/Users/Gowtham/Desktop/DS_project/Blurring/Blurring.srcs/sim_1/new/blur_tb.v" Line 96. System function $fread is used as system task. This system function should have a LHS e.g. x=$fread().
WARNING: [XSIM 43-3373] "C:/Users/Gowtham/Desktop/DS_project/Blurring/Blurring.srcs/sim_1/new/blur_tb.v" Line 99. System function $fread is used as system task. This system function should have a LHS e.g. x=$fread().
WARNING: [XSIM 43-3373] "C:/Users/Gowtham/Desktop/DS_project/Blurring/Blurring.srcs/sim_1/new/blur_tb.v" Line 102. System function $fread is used as system task. This system function should have a LHS e.g. x=$fread().
WARNING: [XSIM 43-3373] "C:/Users/Gowtham/Desktop/DS_project/Blurring/Blurring.srcs/sim_1/new/blur_tb.v" Line 105. System function $fread is used as system task. This system function should have a LHS e.g. x=$fread().
WARNING: [XSIM 43-3373] "C:/Users/Gowtham/Desktop/DS_project/Blurring/Blurring.srcs/sim_1/new/blur_tb.v" Line 108. System function $fread is used as system task. This system function should have a LHS e.g. x=$fread().
WARNING: [XSIM 43-3373] "C:/Users/Gowtham/Desktop/DS_project/Blurring/Blurring.srcs/sim_1/new/blur_tb.v" Line 111. System function $fread is used as system task. This system function should have a LHS e.g. x=$fread().
WARNING: [XSIM 43-3373] "C:/Users/Gowtham/Desktop/DS_project/Blurring/Blurring.srcs/sim_1/new/blur_tb.v" Line 114. System function $fread is used as system task. This system function should have a LHS e.g. x=$fread().
Compiling module xil_defaultlib.glbl
Built simulation snapshot blur_tb_behav
