
*** Running vivado
    with args -log vga_syncIndex.vds -m64 -product Vivado -mode batch -messageDb vivado.pb -notrace -source vga_syncIndex.tcl


****** Vivado v2018.2 (64-bit)
  **** SW Build 2258646 on Thu Jun 14 20:03:12 MDT 2018
  **** IP Build 2256618 on Thu Jun 14 22:10:49 MDT 2018
    ** Copyright 1986-2018 Xilinx, Inc. All Rights Reserved.

source vga_syncIndex.tcl -notrace
Command: synth_design -top vga_syncIndex -part xc7a35tcpg236-1
Starting synth_design
Attempting to get a license for feature 'Synthesis' and/or device 'xc7a35t'
INFO: [Common 17-349] Got license for feature 'Synthesis' and/or device 'xc7a35t'
INFO: Launching helper process for spawning children vivado processes
INFO: Helper process launched with PID 3828 
---------------------------------------------------------------------------------
Starting RTL Elaboration : Time (s): cpu = 00:00:03 ; elapsed = 00:00:04 . Memory (MB): peak = 458.410 ; gain = 97.828
---------------------------------------------------------------------------------
INFO: [Synth 8-6157] synthesizing module 'vga_syncIndex' [C:/Users/Gowtham/Desktop/Final Project/VGA_1/VGA_1.srcs/sources_1/new/VGA.v:22]
INFO: [Synth 8-6157] synthesizing module 'image' [C:/Users/Gowtham/Desktop/Final Project/VGA_1/VGA_1.runs/synth_1/.Xil/Vivado-25776-Gowtham/realtime/image_stub.v:6]
INFO: [Synth 8-6155] done synthesizing module 'image' (1#1) [C:/Users/Gowtham/Desktop/Final Project/VGA_1/VGA_1.runs/synth_1/.Xil/Vivado-25776-Gowtham/realtime/image_stub.v:6]
WARNING: [Synth 8-6014] Unused sequential element gray_reg was removed.  [C:/Users/Gowtham/Desktop/Final Project/VGA_1/VGA_1.srcs/sources_1/new/VGA.v:119]
WARNING: [Synth 8-6014] Unused sequential element left_reg was removed.  [C:/Users/Gowtham/Desktop/Final Project/VGA_1/VGA_1.srcs/sources_1/new/VGA.v:120]
WARNING: [Synth 8-6014] Unused sequential element right_reg was removed.  [C:/Users/Gowtham/Desktop/Final Project/VGA_1/VGA_1.srcs/sources_1/new/VGA.v:121]
WARNING: [Synth 8-6014] Unused sequential element up_reg was removed.  [C:/Users/Gowtham/Desktop/Final Project/VGA_1/VGA_1.srcs/sources_1/new/VGA.v:123]
WARNING: [Synth 8-6014] Unused sequential element down_reg was removed.  [C:/Users/Gowtham/Desktop/Final Project/VGA_1/VGA_1.srcs/sources_1/new/VGA.v:124]
WARNING: [Synth 8-6014] Unused sequential element leftup_reg was removed.  [C:/Users/Gowtham/Desktop/Final Project/VGA_1/VGA_1.srcs/sources_1/new/VGA.v:125]
WARNING: [Synth 8-6014] Unused sequential element leftdown_reg was removed.  [C:/Users/Gowtham/Desktop/Final Project/VGA_1/VGA_1.srcs/sources_1/new/VGA.v:126]
WARNING: [Synth 8-6014] Unused sequential element rightup_reg was removed.  [C:/Users/Gowtham/Desktop/Final Project/VGA_1/VGA_1.srcs/sources_1/new/VGA.v:127]
WARNING: [Synth 8-6014] Unused sequential element rightdown_reg was removed.  [C:/Users/Gowtham/Desktop/Final Project/VGA_1/VGA_1.srcs/sources_1/new/VGA.v:128]
WARNING: [Synth 8-6014] Unused sequential element tblue_reg was removed.  [C:/Users/Gowtham/Desktop/Final Project/VGA_1/VGA_1.srcs/sources_1/new/VGA.v:129]
WARNING: [Synth 8-6014] Unused sequential element tgreen_reg was removed.  [C:/Users/Gowtham/Desktop/Final Project/VGA_1/VGA_1.srcs/sources_1/new/VGA.v:130]
WARNING: [Synth 8-6014] Unused sequential element tred_reg was removed.  [C:/Users/Gowtham/Desktop/Final Project/VGA_1/VGA_1.srcs/sources_1/new/VGA.v:131]
WARNING: [Synth 8-6014] Unused sequential element red_o_reg was removed.  [C:/Users/Gowtham/Desktop/Final Project/VGA_1/VGA_1.srcs/sources_1/new/VGA.v:143]
WARNING: [Synth 8-6014] Unused sequential element green_o_reg was removed.  [C:/Users/Gowtham/Desktop/Final Project/VGA_1/VGA_1.srcs/sources_1/new/VGA.v:144]
WARNING: [Synth 8-6014] Unused sequential element blue_o_reg was removed.  [C:/Users/Gowtham/Desktop/Final Project/VGA_1/VGA_1.srcs/sources_1/new/VGA.v:145]
WARNING: [Synth 8-6014] Unused sequential element r_reg was removed.  [C:/Users/Gowtham/Desktop/Final Project/VGA_1/VGA_1.srcs/sources_1/new/VGA.v:164]
WARNING: [Synth 8-6014] Unused sequential element g_reg was removed.  [C:/Users/Gowtham/Desktop/Final Project/VGA_1/VGA_1.srcs/sources_1/new/VGA.v:165]
WARNING: [Synth 8-6014] Unused sequential element b_reg was removed.  [C:/Users/Gowtham/Desktop/Final Project/VGA_1/VGA_1.srcs/sources_1/new/VGA.v:166]
INFO: [Synth 8-6155] done synthesizing module 'vga_syncIndex' (2#1) [C:/Users/Gowtham/Desktop/Final Project/VGA_1/VGA_1.srcs/sources_1/new/VGA.v:22]
---------------------------------------------------------------------------------
Finished RTL Elaboration : Time (s): cpu = 00:00:05 ; elapsed = 00:00:06 . Memory (MB): peak = 513.527 ; gain = 152.945
---------------------------------------------------------------------------------

Report Check Netlist: 
+------+------------------+-------+---------+-------+------------------+
|      |Item              |Errors |Warnings |Status |Description       |
+------+------------------+-------+---------+-------+------------------+
|1     |multi_driven_nets |      0|        0|Passed |Multi driven nets |
+------+------------------+-------+---------+-------+------------------+
---------------------------------------------------------------------------------
Start Handling Custom Attributes
---------------------------------------------------------------------------------
---------------------------------------------------------------------------------
Finished Handling Custom Attributes : Time (s): cpu = 00:00:05 ; elapsed = 00:00:06 . Memory (MB): peak = 513.527 ; gain = 152.945
---------------------------------------------------------------------------------
---------------------------------------------------------------------------------
Finished RTL Optimization Phase 1 : Time (s): cpu = 00:00:05 ; elapsed = 00:00:06 . Memory (MB): peak = 513.527 ; gain = 152.945
---------------------------------------------------------------------------------
INFO: [Device 21-403] Loading part xc7a35tcpg236-1
INFO: [Project 1-570] Preparing netlist for logic optimization

Processing XDC Constraints
Initializing timing engine
Parsing XDC File [c:/Users/Gowtham/Desktop/Final Project/VGA_1/VGA_1.srcs/sources_1/ip/image/image/image_in_context.xdc] for cell 'inst1'
Finished Parsing XDC File [c:/Users/Gowtham/Desktop/Final Project/VGA_1/VGA_1.srcs/sources_1/ip/image/image/image_in_context.xdc] for cell 'inst1'
Parsing XDC File [C:/Users/Gowtham/Desktop/Final Project/VGA_1/VGA_1.srcs/constrs_1/new/constr.xdc]
Finished Parsing XDC File [C:/Users/Gowtham/Desktop/Final Project/VGA_1/VGA_1.srcs/constrs_1/new/constr.xdc]
INFO: [Project 1-236] Implementation specific constraints were found while reading constraint file [C:/Users/Gowtham/Desktop/Final Project/VGA_1/VGA_1.srcs/constrs_1/new/constr.xdc]. These constraints will be ignored for synthesis but will be used in implementation. Impacted constraints are listed in the file [.Xil/vga_syncIndex_propImpl.xdc].
Resolution: To avoid this warning, move constraints listed in [.Xil/vga_syncIndex_propImpl.xdc] to another XDC file and exclude this new file from synthesis with the used_in_synthesis property (File Properties dialog in GUI) and re-run elaboration/synthesis.
Completed Processing XDC Constraints

INFO: [Project 1-111] Unisim Transformation Summary:
No Unisim elements were transformed.

Constraint Validation Runtime : Time (s): cpu = 00:00:00 ; elapsed = 00:00:00.007 . Memory (MB): peak = 849.758 ; gain = 0.000
---------------------------------------------------------------------------------
Finished Constraint Validation : Time (s): cpu = 00:00:17 ; elapsed = 00:00:21 . Memory (MB): peak = 849.758 ; gain = 489.176
---------------------------------------------------------------------------------
---------------------------------------------------------------------------------
Start Loading Part and Timing Information
---------------------------------------------------------------------------------
Loading part: xc7a35tcpg236-1
---------------------------------------------------------------------------------
Finished Loading Part and Timing Information : Time (s): cpu = 00:00:17 ; elapsed = 00:00:21 . Memory (MB): peak = 849.758 ; gain = 489.176
---------------------------------------------------------------------------------
---------------------------------------------------------------------------------
Start Applying 'set_property' XDC Constraints
---------------------------------------------------------------------------------
Applied set_property DONT_TOUCH = true for inst1. (constraint file  auto generated constraint, line ).
---------------------------------------------------------------------------------
Finished applying 'set_property' XDC Constraints : Time (s): cpu = 00:00:17 ; elapsed = 00:00:21 . Memory (MB): peak = 849.758 ; gain = 489.176
---------------------------------------------------------------------------------
---------------------------------------------------------------------------------
Finished RTL Optimization Phase 2 : Time (s): cpu = 00:00:18 ; elapsed = 00:00:22 . Memory (MB): peak = 849.758 ; gain = 489.176
---------------------------------------------------------------------------------

Report RTL Partitions: 
+-+--------------+------------+----------+
| |RTL Partition |Replication |Instances |
+-+--------------+------------+----------+
+-+--------------+------------+----------+
---------------------------------------------------------------------------------
Start RTL Component Statistics 
---------------------------------------------------------------------------------
Detailed RTL Component Info : 
+---Adders : 
	   3 Input     32 Bit       Adders := 2     
	   2 Input     17 Bit       Adders := 1     
	   5 Input     16 Bit       Adders := 1     
	   3 Input     16 Bit       Adders := 3     
	   8 Input     12 Bit       Adders := 1     
	   2 Input     10 Bit       Adders := 2     
	   3 Input     10 Bit       Adders := 2     
	   2 Input      9 Bit       Adders := 4     
	   6 Input      8 Bit       Adders := 1     
+---Registers : 
	               10 Bit    Registers := 2     
	                4 Bit    Registers := 3     
	                1 Bit    Registers := 6     
+---Muxes : 
	   2 Input      8 Bit        Muxes := 15    
	   2 Input      4 Bit        Muxes := 27    
---------------------------------------------------------------------------------
Finished RTL Component Statistics 
---------------------------------------------------------------------------------
---------------------------------------------------------------------------------
Start RTL Hierarchical Component Statistics 
---------------------------------------------------------------------------------
Hierarchical RTL Component report 
Module vga_syncIndex 
Detailed RTL Component Info : 
+---Adders : 
	   3 Input     32 Bit       Adders := 2     
	   2 Input     17 Bit       Adders := 1     
	   5 Input     16 Bit       Adders := 1     
	   3 Input     16 Bit       Adders := 3     
	   8 Input     12 Bit       Adders := 1     
	   2 Input     10 Bit       Adders := 2     
	   3 Input     10 Bit       Adders := 2     
	   2 Input      9 Bit       Adders := 4     
	   6 Input      8 Bit       Adders := 1     
+---Registers : 
	               10 Bit    Registers := 2     
	                4 Bit    Registers := 3     
	                1 Bit    Registers := 6     
+---Muxes : 
	   2 Input      8 Bit        Muxes := 15    
	   2 Input      4 Bit        Muxes := 27    
---------------------------------------------------------------------------------
Finished RTL Hierarchical Component Statistics
---------------------------------------------------------------------------------
---------------------------------------------------------------------------------
Start Part Resource Summary
---------------------------------------------------------------------------------
Part Resources:
DSPs: 90 (col length:60)
BRAMs: 100 (col length: RAMB18 60 RAMB36 30)
---------------------------------------------------------------------------------
Finished Part Resource Summary
---------------------------------------------------------------------------------
---------------------------------------------------------------------------------
Start Cross Boundary and Area Optimization
---------------------------------------------------------------------------------
Warning: Parallel synthesis criteria is not met 
---------------------------------------------------------------------------------
Finished Cross Boundary and Area Optimization : Time (s): cpu = 00:00:23 ; elapsed = 00:00:28 . Memory (MB): peak = 849.758 ; gain = 489.176
---------------------------------------------------------------------------------

Report RTL Partitions: 
+-+--------------+------------+----------+
| |RTL Partition |Replication |Instances |
+-+--------------+------------+----------+
+-+--------------+------------+----------+
---------------------------------------------------------------------------------
Start Applying XDC Timing Constraints
---------------------------------------------------------------------------------
---------------------------------------------------------------------------------
Finished Applying XDC Timing Constraints : Time (s): cpu = 00:00:35 ; elapsed = 00:00:41 . Memory (MB): peak = 849.758 ; gain = 489.176
---------------------------------------------------------------------------------
---------------------------------------------------------------------------------
Start Timing Optimization
---------------------------------------------------------------------------------
---------------------------------------------------------------------------------
Finished Timing Optimization : Time (s): cpu = 00:00:40 ; elapsed = 00:00:46 . Memory (MB): peak = 912.035 ; gain = 551.453
---------------------------------------------------------------------------------

Report RTL Partitions: 
+-+--------------+------------+----------+
| |RTL Partition |Replication |Instances |
+-+--------------+------------+----------+
+-+--------------+------------+----------+
---------------------------------------------------------------------------------
Start Technology Mapping
---------------------------------------------------------------------------------
---------------------------------------------------------------------------------
Finished Technology Mapping : Time (s): cpu = 00:00:41 ; elapsed = 00:00:47 . Memory (MB): peak = 913.039 ; gain = 552.457
---------------------------------------------------------------------------------

Report RTL Partitions: 
+-+--------------+------------+----------+
| |RTL Partition |Replication |Instances |
+-+--------------+------------+----------+
+-+--------------+------------+----------+
---------------------------------------------------------------------------------
Start IO Insertion
---------------------------------------------------------------------------------
---------------------------------------------------------------------------------
Start Flattening Before IO Insertion
---------------------------------------------------------------------------------
---------------------------------------------------------------------------------
Finished Flattening Before IO Insertion
---------------------------------------------------------------------------------
---------------------------------------------------------------------------------
Start Final Netlist Cleanup
---------------------------------------------------------------------------------
---------------------------------------------------------------------------------
Finished Final Netlist Cleanup
---------------------------------------------------------------------------------
---------------------------------------------------------------------------------
Finished IO Insertion : Time (s): cpu = 00:00:42 ; elapsed = 00:00:49 . Memory (MB): peak = 913.039 ; gain = 552.457
---------------------------------------------------------------------------------

Report Check Netlist: 
+------+------------------+-------+---------+-------+------------------+
|      |Item              |Errors |Warnings |Status |Description       |
+------+------------------+-------+---------+-------+------------------+
|1     |multi_driven_nets |      0|        0|Passed |Multi driven nets |
+------+------------------+-------+---------+-------+------------------+
---------------------------------------------------------------------------------
Start Renaming Generated Instances
---------------------------------------------------------------------------------
---------------------------------------------------------------------------------
Finished Renaming Generated Instances : Time (s): cpu = 00:00:42 ; elapsed = 00:00:49 . Memory (MB): peak = 913.039 ; gain = 552.457
---------------------------------------------------------------------------------

Report RTL Partitions: 
+-+--------------+------------+----------+
| |RTL Partition |Replication |Instances |
+-+--------------+------------+----------+
+-+--------------+------------+----------+
---------------------------------------------------------------------------------
Start Rebuilding User Hierarchy
---------------------------------------------------------------------------------
---------------------------------------------------------------------------------
Finished Rebuilding User Hierarchy : Time (s): cpu = 00:00:42 ; elapsed = 00:00:49 . Memory (MB): peak = 913.039 ; gain = 552.457
---------------------------------------------------------------------------------
---------------------------------------------------------------------------------
Start Renaming Generated Ports
---------------------------------------------------------------------------------
---------------------------------------------------------------------------------
Finished Renaming Generated Ports : Time (s): cpu = 00:00:42 ; elapsed = 00:00:49 . Memory (MB): peak = 913.039 ; gain = 552.457
---------------------------------------------------------------------------------
---------------------------------------------------------------------------------
Start Handling Custom Attributes
---------------------------------------------------------------------------------
---------------------------------------------------------------------------------
Finished Handling Custom Attributes : Time (s): cpu = 00:00:42 ; elapsed = 00:00:49 . Memory (MB): peak = 913.039 ; gain = 552.457
---------------------------------------------------------------------------------
---------------------------------------------------------------------------------
Start Renaming Generated Nets
---------------------------------------------------------------------------------
---------------------------------------------------------------------------------
Finished Renaming Generated Nets : Time (s): cpu = 00:00:42 ; elapsed = 00:00:49 . Memory (MB): peak = 913.039 ; gain = 552.457
---------------------------------------------------------------------------------
---------------------------------------------------------------------------------
Start Writing Synthesis Report
---------------------------------------------------------------------------------

Report BlackBoxes: 
+------+--------------+----------+
|      |BlackBox name |Instances |
+------+--------------+----------+
|1     |image         |         1|
+------+--------------+----------+

Report Cell Usage: 
+------+-------+------+
|      |Cell   |Count |
+------+-------+------+
|1     |image  |     1|
|2     |BUFG   |     1|
|3     |CARRY4 |   123|
|4     |LUT1   |    13|
|5     |LUT2   |   163|
|6     |LUT3   |   173|
|7     |LUT4   |   172|
|8     |LUT5   |   131|
|9     |LUT6   |   210|
|10    |MUXF7  |     4|
|11    |FDRE   |    53|
|12    |IBUF   |    14|
|13    |OBUF   |    14|
+------+-------+------+

Report Instance Areas: 
+------+---------+-------+------+
|      |Instance |Module |Cells |
+------+---------+-------+------+
|1     |top      |       |  1167|
+------+---------+-------+------+
---------------------------------------------------------------------------------
Finished Writing Synthesis Report : Time (s): cpu = 00:00:42 ; elapsed = 00:00:49 . Memory (MB): peak = 913.039 ; gain = 552.457
---------------------------------------------------------------------------------
Synthesis finished with 0 errors, 0 critical warnings and 0 warnings.
Synthesis Optimization Runtime : Time (s): cpu = 00:00:29 ; elapsed = 00:00:38 . Memory (MB): peak = 913.039 ; gain = 216.227
Synthesis Optimization Complete : Time (s): cpu = 00:00:42 ; elapsed = 00:00:49 . Memory (MB): peak = 913.039 ; gain = 552.457
INFO: [Project 1-571] Translating synthesized netlist
INFO: [Netlist 29-17] Analyzing 141 Unisim elements for replacement
INFO: [Netlist 29-28] Unisim Transformation completed in 0 CPU seconds
WARNING: [Netlist 29-101] Netlist 'vga_syncIndex' is not ideal for floorplanning, since the cellview 'vga_syncIndex' contains a large number of primitives.  Please consider enabling hierarchy in synthesis if you want to do floorplanning.
INFO: [Project 1-570] Preparing netlist for logic optimization
INFO: [Opt 31-138] Pushed 0 inverter(s) to 0 load pin(s).
INFO: [Project 1-111] Unisim Transformation Summary:
No Unisim elements were transformed.

INFO: [Common 17-83] Releasing license: Synthesis
16 Infos, 19 Warnings, 0 Critical Warnings and 0 Errors encountered.
synth_design completed successfully
synth_design: Time (s): cpu = 00:00:45 ; elapsed = 00:00:52 . Memory (MB): peak = 913.039 ; gain = 563.930
WARNING: [Constraints 18-5210] No constraint will be written out.
INFO: [Common 17-1381] The checkpoint 'C:/Users/Gowtham/Desktop/Final Project/VGA_1/VGA_1.runs/synth_1/vga_syncIndex.dcp' has been generated.
INFO: [runtcl-4] Executing : report_utilization -file vga_syncIndex_utilization_synth.rpt -pb vga_syncIndex_utilization_synth.pb
report_utilization: Time (s): cpu = 00:00:00 ; elapsed = 00:00:00.056 . Memory (MB): peak = 913.039 ; gain = 0.000
INFO: [Common 17-206] Exiting Vivado at Wed Nov 21 03:38:06 2018...
