#-----------------------------------------------------------
# Vivado v2018.2 (64-bit)
# SW Build 2258646 on Thu Jun 14 20:03:12 MDT 2018
# IP Build 2256618 on Thu Jun 14 22:10:49 MDT 2018
# Start of session at: Sat Nov 10 21:09:07 2018
# Process ID: 24308
# Current directory: C:/Users/HomePC/Desktop/test_2 _initial/VGA_1
# Command line: vivado.exe -gui_launcher_event rodinguilauncherevent17828 C:\Users\HomePC\Desktop\test_2 _initial\VGA_1\VGA_1.xpr
# Log file: C:/Users/HomePC/Desktop/test_2 _initial/VGA_1/vivado.log
# Journal file: C:/Users/HomePC/Desktop/test_2 _initial/VGA_1\vivado.jou
#-----------------------------------------------------------
start_gui
open_project {C:/Users/HomePC/Desktop/test_2 _initial/VGA_1/VGA_1.xpr}
INFO: [Project 1-313] Project file moved from 'C:/Users/HomePC/Desktop/VGA_1' since last save.
WARNING: [Project 1-312] File not found as 'C:/Users/HomePC/Desktop/test_2 _initial/jer_1.coe'; using path 'C:/Users/HomePC/Desktop/jer_1.coe' instead.
Scanning sources...
Finished scanning sources
INFO: [IP_Flow 19-234] Refreshing IP repositories
INFO: [IP_Flow 19-1704] No user IP repositories specified
INFO: [IP_Flow 19-2313] Loaded Vivado IP repository 'C:/Xilinx/Vivado/2018.2/data/ip'.
open_project: Time (s): cpu = 00:00:15 ; elapsed = 00:00:09 . Memory (MB): peak = 915.520 ; gain = 195.871
update_compile_order -fileset sources_1
launch_runs impl_1 -to_step write_bitstream -jobs 4
INFO: [IP_Flow 19-1686] Generating 'Synthesis' target for IP 'image'...
[Sat Nov 10 21:09:56 2018] Launched image_synth_1, synth_1...
Run output will be captured here:
image_synth_1: C:/Users/HomePC/Desktop/test_2 _initial/VGA_1/VGA_1.runs/image_synth_1/runme.log
synth_1: C:/Users/HomePC/Desktop/test_2 _initial/VGA_1/VGA_1.runs/synth_1/runme.log
[Sat Nov 10 21:09:56 2018] Launched impl_1...
Run output will be captured here: C:/Users/HomePC/Desktop/test_2 _initial/VGA_1/VGA_1.runs/impl_1/runme.log
exit
INFO: [Common 17-206] Exiting Vivado at Sat Nov 10 21:13:17 2018...
