Copyright 1986-2018 Xilinx, Inc. All Rights Reserved.
--------------------------------------------------------------------------------------------------------------------------------------------------------------------------------------------------------------
| Tool Version : Vivado v.2018.2 (win64) Build 2258646 Thu Jun 14 20:03:12 MDT 2018
| Date         : Wed Nov 21 03:40:10 2018
| Host         : Gowtham running 64-bit major release  (build 9200)
| Command      : report_timing_summary -max_paths 10 -file vga_syncIndex_timing_summary_routed.rpt -pb vga_syncIndex_timing_summary_routed.pb -rpx vga_syncIndex_timing_summary_routed.rpx -warn_on_violation
| Design       : vga_syncIndex
| Device       : 7a35t-cpg236
| Speed File   : -1  PRODUCTION 1.22 2018-03-21
--------------------------------------------------------------------------------------------------------------------------------------------------------------------------------------------------------------

Timing Summary Report

------------------------------------------------------------------------------------------------
| Timer Settings
| --------------
------------------------------------------------------------------------------------------------

  Enable Multi Corner Analysis               :  Yes
  Enable Pessimism Removal                   :  Yes
  Pessimism Removal Resolution               :  Nearest Common Node
  Enable Input Delay Default Clock           :  No
  Enable Preset / Clear Arcs                 :  No
  Disable Flight Delays                      :  No
  Ignore I/O Paths                           :  No
  Timing Early Launch at Borrowing Latches   :  false

  Corner  Analyze    Analyze    
  Name    Max Paths  Min Paths  
  ------  ---------  ---------  
  Slow    Yes        Yes        
  Fast    Yes        Yes        



check_timing report

Table of Contents
-----------------
1. checking no_clock
2. checking constant_clock
3. checking pulse_width_clock
4. checking unconstrained_internal_endpoints
5. checking no_input_delay
6. checking no_output_delay
7. checking multiple_clock
8. checking generated_clocks
9. checking loops
10. checking partial_input_delay
11. checking partial_output_delay
12. checking latch_loops

1. checking no_clock
--------------------
 There are 86 register/latch pins with no clock driven by root clock pin: clk_reg/Q (HIGH)

 There are 27 register/latch pins with no clock driven by root clock pin: pcount_reg/Q (HIGH)


2. checking constant_clock
--------------------------
 There are 0 register/latch pins with constant_clock.


3. checking pulse_width_clock
-----------------------------
 There are 0 register/latch pins which need pulse_width check


4. checking unconstrained_internal_endpoints
--------------------------------------------
 There are 843 pins that are not constrained for maximum delay. (HIGH)

 There are 0 pins that are not constrained for maximum delay due to constant clock.


5. checking no_input_delay
--------------------------
 There are 13 input ports with no input delay specified. (HIGH)

 There are 0 input ports with no input delay but user has a false path constraint.


6. checking no_output_delay
---------------------------
 There are 14 ports with no output delay specified. (HIGH)

 There are 0 ports with no output delay but user has a false path constraint

 There are 0 ports with no output delay but with a timing clock defined on it or propagating through it


7. checking multiple_clock
--------------------------
 There are 0 register/latch pins with multiple clocks.


8. checking generated_clocks
----------------------------
 There are 0 generated clocks that are not connected to a clock source.


9. checking loops
-----------------
 There are 0 combinational loops in the design.


10. checking partial_input_delay
--------------------------------
 There are 0 input ports with partial input delay specified.


11. checking partial_output_delay
---------------------------------
 There are 0 ports with partial output delay specified.


12. checking latch_loops
------------------------
 There are 0 combinational latch loops in the design through latch input



------------------------------------------------------------------------------------------------
| Design Timing Summary
| ---------------------
------------------------------------------------------------------------------------------------

    WNS(ns)      TNS(ns)  TNS Failing Endpoints  TNS Total Endpoints      WHS(ns)      THS(ns)  THS Failing Endpoints  THS Total Endpoints     WPWS(ns)     TPWS(ns)  TPWS Failing Endpoints  TPWS Total Endpoints  
    -------      -------  ---------------------  -------------------      -------      -------  ---------------------  -------------------     --------     --------  ----------------------  --------------------  
      6.587        0.000                      0                    1        1.103        0.000                      0                    1        4.500        0.000                       0                     2  


All user specified timing constraints are met.


------------------------------------------------------------------------------------------------
| Clock Summary
| -------------
------------------------------------------------------------------------------------------------

Clock          Waveform(ns)       Period(ns)      Frequency(MHz)
-----          ------------       ----------      --------------
sys_clock_pin  {0.000 5.000}      10.000          100.000         


------------------------------------------------------------------------------------------------
| Intra Clock Table
| -----------------
------------------------------------------------------------------------------------------------

Clock              WNS(ns)      TNS(ns)  TNS Failing Endpoints  TNS Total Endpoints      WHS(ns)      THS(ns)  THS Failing Endpoints  THS Total Endpoints     WPWS(ns)     TPWS(ns)  TPWS Failing Endpoints  TPWS Total Endpoints  
-----              -------      -------  ---------------------  -------------------      -------      -------  ---------------------  -------------------     --------     --------  ----------------------  --------------------  
sys_clock_pin        6.587        0.000                      0                    1        1.103        0.000                      0                    1        4.500        0.000                       0                     2  


------------------------------------------------------------------------------------------------
| Inter Clock Table
| -----------------
------------------------------------------------------------------------------------------------

From Clock    To Clock          WNS(ns)      TNS(ns)  TNS Failing Endpoints  TNS Total Endpoints      WHS(ns)      THS(ns)  THS Failing Endpoints  THS Total Endpoints  
----------    --------          -------      -------  ---------------------  -------------------      -------      -------  ---------------------  -------------------  


------------------------------------------------------------------------------------------------
| Other Path Groups Table
| -----------------------
------------------------------------------------------------------------------------------------

Path Group    From Clock    To Clock          WNS(ns)      TNS(ns)  TNS Failing Endpoints  TNS Total Endpoints      WHS(ns)      THS(ns)  THS Failing Endpoints  THS Total Endpoints  
----------    ----------    --------          -------      -------  ---------------------  -------------------      -------      -------  ---------------------  -------------------  


------------------------------------------------------------------------------------------------
| Timing Details
| --------------
------------------------------------------------------------------------------------------------


---------------------------------------------------------------------------------------------------
From Clock:  sys_clock_pin
  To Clock:  sys_clock_pin

Setup :            0  Failing Endpoints,  Worst Slack        6.587ns,  Total Violation        0.000ns
Hold  :            0  Failing Endpoints,  Worst Slack        1.103ns,  Total Violation        0.000ns
PW    :            0  Failing Endpoints,  Worst Slack        4.500ns,  Total Violation        0.000ns
---------------------------------------------------------------------------------------------------


Max Delay Paths
--------------------------------------------------------------------------------------
Slack (MET) :             6.587ns  (required time - arrival time)
  Source:                 clk_reg/C
                            (rising edge-triggered cell FDRE clocked by sys_clock_pin  {rise@0.000ns fall@5.000ns period=10.000ns})
  Destination:            clk_reg/D
                            (rising edge-triggered cell FDRE clocked by sys_clock_pin  {rise@0.000ns fall@5.000ns period=10.000ns})
  Path Group:             sys_clock_pin
  Path Type:              Setup (Max at Slow Process Corner)
  Requirement:            10.000ns  (sys_clock_pin rise@10.000ns - sys_clock_pin rise@0.000ns)
  Data Path Delay:        3.407ns  (logic 0.676ns (19.843%)  route 2.731ns (80.157%))
  Logic Levels:           2  (BUFG=1 LUT1=1)
  Clock Path Skew:        0.000ns (DCD - SCD + CPR)
    Destination Clock Delay (DCD):    4.786ns = ( 14.786 - 10.000 ) 
    Source Clock Delay      (SCD):    5.086ns
    Clock Pessimism Removal (CPR):    0.300ns
  Clock Uncertainty:      0.035ns  ((TSJ^2 + TIJ^2)^1/2 + DJ) / 2 + PE
    Total System Jitter     (TSJ):    0.071ns
    Total Input Jitter      (TIJ):    0.000ns
    Discrete Jitter          (DJ):    0.000ns
    Phase Error              (PE):    0.000ns

    Location             Delay type                Incr(ns)  Path(ns)    Netlist Resource(s)
  -------------------------------------------------------------------    -------------------
                         (clock sys_clock_pin rise edge)
                                                      0.000     0.000 r  
    W5                                                0.000     0.000 r  clock (IN)
                         net (fo=0)                   0.000     0.000    clock
    W5                   IBUF (Prop_ibuf_I_O)         1.458     1.458 r  clock_IBUF_inst/O
                         net (fo=1, routed)           1.967     3.425    clock_IBUF
    BUFGCTRL_X0Y1        BUFG (Prop_bufg_I_O)         0.096     3.521 r  clock_IBUF_BUFG_inst/O
                         net (fo=1, routed)           1.565     5.086    clock_IBUF_BUFG
    SLICE_X36Y46         FDRE                                         r  clk_reg/C
  -------------------------------------------------------------------    -------------------
    SLICE_X36Y46         FDRE (Prop_fdre_C_Q)         0.456     5.542 f  clk_reg/Q
                         net (fo=1, routed)           0.725     6.267    clk
    BUFGCTRL_X0Y0        BUFG (Prop_bufg_I_O)         0.096     6.363 f  clk_BUFG_inst/O
                         net (fo=140, routed)         2.006     8.369    clk_BUFG
    SLICE_X36Y46         LUT1 (Prop_lut1_I0_O)        0.124     8.493 r  clk_i_1/O
                         net (fo=1, routed)           0.000     8.493    clk_i_1_n_0
    SLICE_X36Y46         FDRE                                         r  clk_reg/D
  -------------------------------------------------------------------    -------------------

                         (clock sys_clock_pin rise edge)
                                                     10.000    10.000 r  
    W5                                                0.000    10.000 r  clock (IN)
                         net (fo=0)                   0.000    10.000    clock
    W5                   IBUF (Prop_ibuf_I_O)         1.388    11.388 r  clock_IBUF_inst/O
                         net (fo=1, routed)           1.862    13.250    clock_IBUF
    BUFGCTRL_X0Y1        BUFG (Prop_bufg_I_O)         0.091    13.341 r  clock_IBUF_BUFG_inst/O
                         net (fo=1, routed)           1.445    14.786    clock_IBUF_BUFG
    SLICE_X36Y46         FDRE                                         r  clk_reg/C
                         clock pessimism              0.300    15.086    
                         clock uncertainty           -0.035    15.051    
    SLICE_X36Y46         FDRE (Setup_fdre_C_D)        0.029    15.080    clk_reg
  -------------------------------------------------------------------
                         required time                         15.080    
                         arrival time                          -8.493    
  -------------------------------------------------------------------
                         slack                                  6.587    





Min Delay Paths
--------------------------------------------------------------------------------------
Slack (MET) :             1.103ns  (arrival time - required time)
  Source:                 clk_reg/C
                            (rising edge-triggered cell FDRE clocked by sys_clock_pin  {rise@0.000ns fall@5.000ns period=10.000ns})
  Destination:            clk_reg/D
                            (rising edge-triggered cell FDRE clocked by sys_clock_pin  {rise@0.000ns fall@5.000ns period=10.000ns})
  Path Group:             sys_clock_pin
  Path Type:              Hold (Min at Fast Process Corner)
  Requirement:            0.000ns  (sys_clock_pin rise@0.000ns - sys_clock_pin rise@0.000ns)
  Data Path Delay:        1.194ns  (logic 0.212ns (17.756%)  route 0.982ns (82.244%))
  Logic Levels:           2  (BUFG=1 LUT1=1)
  Clock Path Skew:        0.000ns (DCD - SCD - CPR)
    Destination Clock Delay (DCD):    1.959ns
    Source Clock Delay      (SCD):    1.446ns
    Clock Pessimism Removal (CPR):    0.513ns

    Location             Delay type                Incr(ns)  Path(ns)    Netlist Resource(s)
  -------------------------------------------------------------------    -------------------
                         (clock sys_clock_pin rise edge)
                                                      0.000     0.000 r  
    W5                                                0.000     0.000 r  clock (IN)
                         net (fo=0)                   0.000     0.000    clock
    W5                   IBUF (Prop_ibuf_I_O)         0.226     0.226 r  clock_IBUF_inst/O
                         net (fo=1, routed)           0.631     0.858    clock_IBUF
    BUFGCTRL_X0Y1        BUFG (Prop_bufg_I_O)         0.026     0.884 r  clock_IBUF_BUFG_inst/O
                         net (fo=1, routed)           0.563     1.446    clock_IBUF_BUFG
    SLICE_X36Y46         FDRE                                         r  clk_reg/C
  -------------------------------------------------------------------    -------------------
    SLICE_X36Y46         FDRE (Prop_fdre_C_Q)         0.141     1.587 f  clk_reg/Q
                         net (fo=1, routed)           0.271     1.858    clk
    BUFGCTRL_X0Y0        BUFG (Prop_bufg_I_O)         0.026     1.884 f  clk_BUFG_inst/O
                         net (fo=140, routed)         0.711     2.595    clk_BUFG
    SLICE_X36Y46         LUT1 (Prop_lut1_I0_O)        0.045     2.640 r  clk_i_1/O
                         net (fo=1, routed)           0.000     2.640    clk_i_1_n_0
    SLICE_X36Y46         FDRE                                         r  clk_reg/D
  -------------------------------------------------------------------    -------------------

                         (clock sys_clock_pin rise edge)
                                                      0.000     0.000 r  
    W5                                                0.000     0.000 r  clock (IN)
                         net (fo=0)                   0.000     0.000    clock
    W5                   IBUF (Prop_ibuf_I_O)         0.414     0.414 r  clock_IBUF_inst/O
                         net (fo=1, routed)           0.685     1.099    clock_IBUF
    BUFGCTRL_X0Y1        BUFG (Prop_bufg_I_O)         0.029     1.128 r  clock_IBUF_BUFG_inst/O
                         net (fo=1, routed)           0.832     1.959    clock_IBUF_BUFG
    SLICE_X36Y46         FDRE                                         r  clk_reg/C
                         clock pessimism             -0.513     1.446    
    SLICE_X36Y46         FDRE (Hold_fdre_C_D)         0.091     1.537    clk_reg
  -------------------------------------------------------------------
                         required time                         -1.537    
                         arrival time                           2.640    
  -------------------------------------------------------------------
                         slack                                  1.103    





Pulse Width Checks
--------------------------------------------------------------------------------------
Clock Name:         sys_clock_pin
Waveform(ns):       { 0.000 5.000 }
Period(ns):         10.000
Sources:            { clock }

Check Type        Corner  Lib Pin  Reference Pin  Required(ns)  Actual(ns)  Slack(ns)  Location       Pin
Min Period        n/a     BUFG/I   n/a            2.155         10.000      7.845      BUFGCTRL_X0Y1  clock_IBUF_BUFG_inst/I
Min Period        n/a     FDRE/C   n/a            1.000         10.000      9.000      SLICE_X36Y46   clk_reg/C
Low Pulse Width   Slow    FDRE/C   n/a            0.500         5.000       4.500      SLICE_X36Y46   clk_reg/C
Low Pulse Width   Fast    FDRE/C   n/a            0.500         5.000       4.500      SLICE_X36Y46   clk_reg/C
High Pulse Width  Fast    FDRE/C   n/a            0.500         5.000       4.500      SLICE_X36Y46   clk_reg/C
High Pulse Width  Slow    FDRE/C   n/a            0.500         5.000       4.500      SLICE_X36Y46   clk_reg/C



